Using pre-set license
Built from '2020.3/staging' branch; Version is '2020.3.28f1 (f5400f52e03f) revision 16072719'; Using compiler version '192528614'; Build Type 'Release'
OS: 'Windows 10  (10.0.19043) 64bit Core' Language: 'nl' Physical Memory: 16221 MB
BatchMode: 1, IsHumanControllingUs: 0, StartBugReporterOnCrash: 0, Is64bit: 1, IsPro: 0

COMMAND LINE ARGUMENTS:
C:\Program Files\Unity\Hub\Editor\2020.3.28f1\Editor\Unity.exe
-adb2
-batchMode
-noUpm
-name
AssetImportWorker0
-projectPath
C:/Users/Gebruiker/VR1
-logFile
Logs/AssetImportWorker0.log
-srvPort
60805
Successfully changed project path to: C:/Users/Gebruiker/VR1
C:/Users/Gebruiker/VR1
Using Asset Import Pipeline V2.
Refreshing native plugins compatible for Editor in 108.85 ms, found 16 plugins.
Preloading 2 native plugins for Editor in 2.27 ms.
Initialize engine version: 2020.3.28f1 (f5400f52e03f)
[Subsystems] Discovering subsystems at path C:/Program Files/Unity/Hub/Editor/2020.3.28f1/Editor/Data/Resources/UnitySubsystems
[Subsystems] Discovering subsystems at path C:/Users/Gebruiker/VR1/Assets
GfxDevice: creating device client; threaded=0
Direct3D:
    Version:  Direct3D 11.0 [level 11.1]
    Renderer: NVIDIA GeForce RTX 2060 (ID=0x1f15)
    Vendor:   
    VRAM:     5980 MB
    Driver:   27.21.14.5167
Initialize mono
Mono path[0] = 'C:/Program Files/Unity/Hub/Editor/2020.3.28f1/Editor/Data/Managed'
Mono path[1] = 'C:/Program Files/Unity/Hub/Editor/2020.3.28f1/Editor/Data/MonoBleedingEdge/lib/mono/unityjit'
Mono config path = 'C:/Program Files/Unity/Hub/Editor/2020.3.28f1/Editor/Data/MonoBleedingEdge/etc'
Using monoOptions --debugger-agent=transport=dt_socket,embedding=1,server=y,suspend=n,address=127.0.0.1:56576
Begin MonoManager ReloadAssembly
Registering precompiled unity dll's ...
Register platform support module: C:/Program Files/Unity/Hub/Editor/2020.3.28f1/Editor/Data/PlaybackEngines/WebGLSupport/UnityEditor.WebGL.Extensions.dll
Register platform support module: C:/Program Files/Unity/Hub/Editor/2020.3.28f1/Editor/Data/PlaybackEngines/WindowsStandaloneSupport/UnityEditor.WindowsStandalone.Extensions.dll
Registered in 0.002824 seconds.
Native extension for WindowsStandalone target not found
Native extension for WebGL target not found
Refreshing native plugins compatible for Editor in 73.53 ms, found 16 plugins.
Preloading 2 native plugins for Editor in 0.14 ms.
Mono: successfully reloaded assembly
- Completed reload, in  0.723 seconds
Domain Reload Profiling:
	ReloadAssembly (723ms)
		BeginReloadAssembly (84ms)
			ExecutionOrderSort (0ms)
			DisableScriptedObjects (0ms)
			BackupInstance (0ms)
			ReleaseScriptingObjects (0ms)
			CreateAndSetChildDomain (1ms)
		EndReloadAssembly (555ms)
			LoadAssemblies (82ms)
			RebuildTransferFunctionScriptingTraits (0ms)
			SetupTypeCache (197ms)
			ReleaseScriptCaches (0ms)
			RebuildScriptCaches (30ms)
			SetupLoadedEditorAssemblies (210ms)
				LogAssemblyErrors (0ms)
				InitializePlatformSupportModulesInManaged (6ms)
				SetLoadedEditorAssemblies (0ms)
				RefreshPlugins (74ms)
				BeforeProcessingInitializeOnLoad (8ms)
				ProcessInitializeOnLoadAttributes (90ms)
				ProcessInitializeOnLoadMethodAttributes (32ms)
				AfterProcessingInitializeOnLoad (0ms)
				EditorAssembliesLoaded (0ms)
			ExecutionOrderSort2 (0ms)
			AwakeInstancesAfterBackupRestoration (0ms)
Platform modules already initialized, skipping
Registering precompiled user dll's ...
Registered in 0.017136 seconds.
Begin MonoManager ReloadAssembly
Native extension for WindowsStandalone target not found
Native extension for WebGL target not found
Refreshing native plugins compatible for Editor in 80.20 ms, found 16 plugins.
Preloading 2 native plugins for Editor in 0.15 ms.
[XR] OculusXRPlugin: registering subsystems
[XR] Unable to register display lifecyle provider: [1]
[XR] Oculus Input lifecycle provider registered.
[XR] Unable to register input lifecyle provider: [1]
System.Reflection.TargetInvocationException: Exception has been thrown by the target of an invocation. ---> System.NullReferenceException: Object reference not set to an instance of an object
  at Unity.XR.Oculus.OculusLoader.AssetPathToAbsolutePath (System.String assetPath) [0x00048] in C:\Users\Gebruiker\VR1\Library\PackageCache\com.unity.xr.oculus@1.11.2\Runtime\OculusLoader.cs:250 
  at Unity.XR.Oculus.OculusLoader.EditorLoadOVRPlugin () [0x0007b] in C:\Users\Gebruiker\VR1\Library\PackageCache\com.unity.xr.oculus@1.11.2\Runtime\OculusLoader.cs:235 
  at (wrapper managed-to-native) System.Reflection.MonoMethod.InternalInvoke(System.Reflection.MonoMethod,object,object[],System.Exception&)
  at System.Reflection.MonoMethod.Invoke (System.Object obj, System.Reflection.BindingFlags invokeAttr, System.Reflection.Binder binder, System.Object[] parameters, System.Globalization.CultureInfo culture) [0x00032] in <695d1cc93cca45069c528c15c9fdd749>:0 
   --- End of inner exception stack trace ---
  at System.Reflection.MonoMethod.Invoke (System.Object obj, System.Reflection.BindingFlags invokeAttr, System.Reflection.Binder binder, System.Object[] parameters, System.Globalization.CultureInfo culture) [0x00048] in <695d1cc93cca45069c528c15c9fdd749>:0 
  at System.Reflection.MethodBase.Invoke (System.Object obj, System.Object[] parameters) [0x00000] in <695d1cc93cca45069c528c15c9fdd749>:0 
  at UnityEditor.EditorAssemblies.ProcessInitializeOnLoadMethodAttributes () [0x00047] in <af1a2f671a98418f910899d70a717c00>:0 
UnityEngine.StackTraceUtility:ExtractStackTrace ()
UnityEngine.DebugLogHandler:LogFormat (UnityEngine.LogType,UnityEngine.Object,string,object[])
UnityEngine.Logger:Log (UnityEngine.LogType,object)
UnityEngine.Debug:LogError (object)
UnityEditor.EditorAssemblies:ProcessInitializeOnLoadMethodAttributes ()

Mono: successfully reloaded assembly
- Completed reload, in  1.556 seconds
Domain Reload Profiling:
	ReloadAssembly (1557ms)
		BeginReloadAssembly (212ms)
			ExecutionOrderSort (0ms)
			DisableScriptedObjects (7ms)
			BackupInstance (0ms)
			ReleaseScriptingObjects (0ms)
			CreateAndSetChildDomain (34ms)
		EndReloadAssembly (1261ms)
			LoadAssemblies (141ms)
			RebuildTransferFunctionScriptingTraits (0ms)
			SetupTypeCache (389ms)
			ReleaseScriptCaches (1ms)
			RebuildScriptCaches (53ms)
			SetupLoadedEditorAssemblies (546ms)
				LogAssemblyErrors (0ms)
				InitializePlatformSupportModulesInManaged (5ms)
				SetLoadedEditorAssemblies (0ms)
				RefreshPlugins (80ms)
				BeforeProcessingInitializeOnLoad (114ms)
				ProcessInitializeOnLoadAttributes (271ms)
				ProcessInitializeOnLoadMethodAttributes (68ms)
				AfterProcessingInitializeOnLoad (7ms)
				EditorAssembliesLoaded (0ms)
			ExecutionOrderSort2 (0ms)
			AwakeInstancesAfterBackupRestoration (5ms)
Platform modules already initialized, skipping
========================================================================
Worker process is ready to serve import requests
Launched and connected shader compiler UnityShaderCompiler.exe after 0.07 seconds
Refreshing native plugins compatible for Editor in 1.09 ms, found 16 plugins.
Preloading 2 native plugins for Editor in 0.16 ms.
Unloading 2979 Unused Serialized files (Serialized files now loaded: 0)
System memory in use before: 112.2 MB.
System memory in use after: 112.4 MB.

Unloading 80 unused Assets to reduce memory usage. Loaded Objects now: 3368.
Total: 7.705400 ms (FindLiveObjects: 0.263700 ms CreateObjectMapping: 0.203400 ms MarkObjects: 7.148700 ms  DeleteObjects: 0.088400 ms)

AssetImportParameters requested are different than current active one (requested -> active):
  custom:framework-win-MediaFoundation: 216162199b28c13a410421893ffa2e32 -> 
  custom:video-decoder-ogg-theora: a1e56fd34408186e4bbccfd4996cb3dc -> 
  custom:container-muxer-webm: aa71ff27fc2769a1b78a27578f13a17b -> 
  custom:container-demuxer-webm: 4f35f7cbe854078d1ac9338744f61a02 -> 
  custom:container-demuxer-ogg: 62fdf1f143b41e24485cea50d1cbac27 -> 
  custom:video-encoder-webm-vp8: eb34c28f22e8b96e1ab97ce403110664 -> 
  custom:video-decoder-webm-vp8: 9c59270c3fd7afecdb556c50c9e8de78 -> 
  custom:audio-decoder-ogg-vorbis: bf7c407c2cedff20999df2af8eb42d56 -> 
  custom:audio-encoder-webm-vorbis: bf7c407c2cedff20999df2af8eb42d56 -> 
========================================================================
Received Import Request.
  path: Assets/Meshes/SampleMat.mat
  artifactKey: Guid(0a7555418a88f2b4bb1d3cb29b55eccc) Importer(815301076,1909f56bfc062723c751e8b465ee728b)
Start importing Assets/Meshes/SampleMat.mat using Guid(0a7555418a88f2b4bb1d3cb29b55eccc) Importer(815301076,1909f56bfc062723c751e8b465ee728b)  -> (artifact id: 'ee78942fde746c02d01338b3fe661e2b') in 0.122607 seconds 
  Import took 0.127174 seconds .

========================================================================
Received Import Request.
  Time since last request: 0.000271 seconds.
  path: Assets/Meshes/SampleMat2.mat
  artifactKey: Guid(cfc6e0d65306f96489e9225495cb9f7f) Importer(815301076,1909f56bfc062723c751e8b465ee728b)
Start importing Assets/Meshes/SampleMat2.mat using Guid(cfc6e0d65306f96489e9225495cb9f7f) Importer(815301076,1909f56bfc062723c751e8b465ee728b)  -> (artifact id: 'd9b581ec3ce8effd44ee55164be3abb1') in 0.020764 seconds 
  Import took 0.027091 seconds .

========================================================================
Received Import Request.
  Time since last request: 263.888286 seconds.
  path: Assets/ExampleAssets/Materials/Grid.mat
  artifactKey: Guid(3f9336a53d1d2ea43895699cc52cb411) Importer(815301076,1909f56bfc062723c751e8b465ee728b)
Start importing Assets/ExampleAssets/Materials/Grid.mat using Guid(3f9336a53d1d2ea43895699cc52cb411) Importer(815301076,1909f56bfc062723c751e8b465ee728b)  -> (artifact id: 'd2483741e9f013c1fcb4842c045f937d') in 0.032838 seconds 
  Import took 0.039442 seconds .

========================================================================
Received Import Request.
  Time since last request: 0.000329 seconds.
  path: Assets/ExampleAssets/Materials/Skybox Light.mat
  artifactKey: Guid(3a408e788dcbed6429c8d22a01b32a76) Importer(815301076,1909f56bfc062723c751e8b465ee728b)
Start importing Assets/ExampleAssets/Materials/Skybox Light.mat using Guid(3a408e788dcbed6429c8d22a01b32a76) Importer(815301076,1909f56bfc062723c751e8b465ee728b)  -> (artifact id: 'be2104d585b1997bd6bcd8f1a7b66f28') in 0.027773 seconds 
  Import took 0.033912 seconds .

========================================================================
Received Import Request.
  Time since last request: 0.000268 seconds.
  path: Assets/ExampleAssets/Models/XRControllerLeft.fbx
  artifactKey: Guid(e48d18018a0ba46c283d9fd9c227e578) Importer(815301076,1909f56bfc062723c751e8b465ee728b)
Start importing Assets/ExampleAssets/Models/XRControllerLeft.fbx using Guid(e48d18018a0ba46c283d9fd9c227e578) Importer(815301076,1909f56bfc062723c751e8b465ee728b)  -> (artifact id: 'b1d7a0bf7d114a5c6320170c444788e2') in 1.437393 seconds 
  Import took 1.442818 seconds .

========================================================================
Received Import Request.
  Time since last request: 0.000336 seconds.
  path: Assets/ExampleAssets/Models/XRControllerRight.fbx
  artifactKey: Guid(2d10b9b89f2474de9800b152c3d00004) Importer(815301076,1909f56bfc062723c751e8b465ee728b)
Start importing Assets/ExampleAssets/Models/XRControllerRight.fbx using Guid(2d10b9b89f2474de9800b152c3d00004) Importer(815301076,1909f56bfc062723c751e8b465ee728b)  -> (artifact id: '403a5ff2dc6afe0fb00542b1b295670b') in 0.082546 seconds 
  Import took 0.087882 seconds .

========================================================================
Received Import Request.
  Time since last request: 1.615530 seconds.
  path: Assets/ExampleAssets/Materials/Controller.mat
  artifactKey: Guid(3d2e36aacd7dc084b96e0755f1af4137) Importer(815301076,1909f56bfc062723c751e8b465ee728b)
Start importing Assets/ExampleAssets/Materials/Controller.mat using Guid(3d2e36aacd7dc084b96e0755f1af4137) Importer(815301076,1909f56bfc062723c751e8b465ee728b)  -> (artifact id: '271f0d15b20c526c1bb2bd4402537b47') in 0.021147 seconds 
  Import took 0.027919 seconds .

========================================================================
Received Import Request.
  Time since last request: 1276.965430 seconds.
  path: Assets/Meshes/SampleMat 1.mat
  artifactKey: Guid(077d8d9e16dd40a4fa1c0b74a8e63d32) Importer(815301076,1909f56bfc062723c751e8b465ee728b)
Start importing Assets/Meshes/SampleMat 1.mat using Guid(077d8d9e16dd40a4fa1c0b74a8e63d32) Importer(815301076,1909f56bfc062723c751e8b465ee728b)  -> (artifact id: 'a6fc1afd1b391f53fb4e8cfc3c62bbbb') in 0.035316 seconds 
  Import took 0.041653 seconds .

========================================================================
Received Import Request.
  Time since last request: 109.011481 seconds.
  path: Assets/Meshes/MatGreen.mat
  artifactKey: Guid(0a7555418a88f2b4bb1d3cb29b55eccc) Importer(815301076,1909f56bfc062723c751e8b465ee728b)
Start importing Assets/Meshes/MatGreen.mat using Guid(0a7555418a88f2b4bb1d3cb29b55eccc) Importer(815301076,1909f56bfc062723c751e8b465ee728b)  -> (artifact id: 'e1ef46ae96565ce296ec4e607d15e7c7') in 0.016316 seconds 
  Import took 0.022289 seconds .

========================================================================
Received Import Request.
  Time since last request: 4.722712 seconds.
  path: Assets/Meshes/MatRed.mat
  artifactKey: Guid(077d8d9e16dd40a4fa1c0b74a8e63d32) Importer(815301076,1909f56bfc062723c751e8b465ee728b)
Start importing Assets/Meshes/MatRed.mat using Guid(077d8d9e16dd40a4fa1c0b74a8e63d32) Importer(815301076,1909f56bfc062723c751e8b465ee728b)  -> (artifact id: 'a8d6437646f464b94df183216dde48f9') in 0.014820 seconds 
  Import took 0.020417 seconds .

========================================================================
Received Import Request.
  Time since last request: 6.282685 seconds.
  path: Assets/Meshes/Metal.mat
  artifactKey: Guid(cfc6e0d65306f96489e9225495cb9f7f) Importer(815301076,1909f56bfc062723c751e8b465ee728b)
Start importing Assets/Meshes/Metal.mat using Guid(cfc6e0d65306f96489e9225495cb9f7f) Importer(815301076,1909f56bfc062723c751e8b465ee728b)  -> (artifact id: '20110731cdec0d6048ed1154024b1cf8') in 0.014286 seconds 
  Import took 0.019506 seconds .

========================================================================
Received Import Request.
  Time since last request: 241.073270 seconds.
  path: Assets/ExampleAssets/Tutorial/Images/1-welcome-screen-image.png
  artifactKey: Guid(11e34d76fce7843be984510eca5c9139) Importer(815301076,1909f56bfc062723c751e8b465ee728b)
Start importing Assets/ExampleAssets/Tutorial/Images/1-welcome-screen-image.png using Guid(11e34d76fce7843be984510eca5c9139) Importer(815301076,1909f56bfc062723c751e8b465ee728b)  -> (artifact id: 'fed793ad071136daa1ccd2a35888d7a5') in 0.044751 seconds 
  Import took 0.050825 seconds .

========================================================================
Received Import Request.
  Time since last request: 0.000320 seconds.
  path: Packages/com.unity.purchasing/Icons/UnityEngine.Purchasing.IAPButtonIcon.png
  artifactKey: Guid(55e457740fe60405dac77af143e1a867) Importer(815301076,1909f56bfc062723c751e8b465ee728b)
Start importing Packages/com.unity.purchasing/Icons/UnityEngine.Purchasing.IAPButtonIcon.png using Guid(55e457740fe60405dac77af143e1a867) Importer(815301076,1909f56bfc062723c751e8b465ee728b)  -> (artifact id: '33e4e5e9a5bd3ee269e682af36432d90') in 0.014120 seconds 
  Import took 0.019623 seconds .

========================================================================
Received Import Request.
  Time since last request: 0.000354 seconds.
  path: Assets/ExampleAssets/Textures/Grid_Light_512x512.png
  artifactKey: Guid(a5888ab2610a91d40a5deefc40b7bfe4) Importer(815301076,1909f56bfc062723c751e8b465ee728b)
Start importing Assets/ExampleAssets/Textures/Grid_Light_512x512.png using Guid(a5888ab2610a91d40a5deefc40b7bfe4) Importer(815301076,1909f56bfc062723c751e8b465ee728b)  -> (artifact id: 'a32eda8b704b6d15f3485798f91b9c7f') in 0.014101 seconds 
  Import took 0.020046 seconds .

========================================================================
Received Import Request.
  Time since last request: 0.000388 seconds.
  path: Packages/com.unity.purchasing/Icons/LinkBlack.png
  artifactKey: Guid(33d3dd2c39dfd49a3b2d36b20225624a) Importer(815301076,1909f56bfc062723c751e8b465ee728b)
Start importing Packages/com.unity.purchasing/Icons/LinkBlack.png using Guid(33d3dd2c39dfd49a3b2d36b20225624a) Importer(815301076,1909f56bfc062723c751e8b465ee728b)  -> (artifact id: '49c63eb802c3b4ce42fbd2ad427f9e7e') in 0.019877 seconds 
  Import took 0.025000 seconds .

========================================================================
Received Import Request.
  Time since last request: 0.000427 seconds.
  path: Packages/com.unity.purchasing/Icons/LinkWhite.png
  artifactKey: Guid(e679a29ca22bc4fa0bd848bd79a42b79) Importer(815301076,1909f56bfc062723c751e8b465ee728b)
Start importing Packages/com.unity.purchasing/Icons/LinkWhite.png using Guid(e679a29ca22bc4fa0bd848bd79a42b79) Importer(815301076,1909f56bfc062723c751e8b465ee728b)  -> (artifact id: '03d04b06cdb059b7f85a313bebe5800e') in 0.017978 seconds 
  Import took 0.023470 seconds .

========================================================================
Received Import Request.
  Time since last request: 0.000280 seconds.
  path: Assets/ExampleAssets/Tutorial/Images/project-header-vr.png
  artifactKey: Guid(6eaf09dd6cc8a49708bf60691e32bebf) Importer(815301076,1909f56bfc062723c751e8b465ee728b)
Start importing Assets/ExampleAssets/Tutorial/Images/project-header-vr.png using Guid(6eaf09dd6cc8a49708bf60691e32bebf) Importer(815301076,1909f56bfc062723c751e8b465ee728b)  -> (artifact id: '9f4debb517e176b1d10b1cafba0707ee') in 0.023114 seconds 
  Import took 0.027846 seconds .

========================================================================
Received Import Request.
  Time since last request: 129.069945 seconds.
  path: Assets/Prefabs
  artifactKey: Guid(fd079038f97b5c1408aabc3f0bf08935) Importer(815301076,1909f56bfc062723c751e8b465ee728b)
Start importing Assets/Prefabs using Guid(fd079038f97b5c1408aabc3f0bf08935) Importer(815301076,1909f56bfc062723c751e8b465ee728b)  -> (artifact id: '970fc63a07075a31a0e5ff4e53b37f32') in 0.007302 seconds 
  Import took 0.013102 seconds .

========================================================================
Received Import Request.
  Time since last request: 15.627436 seconds.
  path: Assets/Prefabs/New Prefab.prefab
  artifactKey: Guid(5107ea98bd312ed47a2de3dad8a84b71) Importer(815301076,1909f56bfc062723c751e8b465ee728b)
Start importing Assets/Prefabs/New Prefab.prefab using Guid(5107ea98bd312ed47a2de3dad8a84b71) Importer(815301076,1909f56bfc062723c751e8b465ee728b)  -> (artifact id: '1b1f86847122c00cfb78fd18155b20c5') in 0.014043 seconds 
  Import took 0.019581 seconds .

========================================================================
Received Import Request.
  Time since last request: 153.217546 seconds.
  path: Assets/Meshes/MatGreen 1.mat
  artifactKey: Guid(15c928f5be4256648b8442e5e6e54ebc) Importer(815301076,1909f56bfc062723c751e8b465ee728b)
Start importing Assets/Meshes/MatGreen 1.mat using Guid(15c928f5be4256648b8442e5e6e54ebc) Importer(815301076,1909f56bfc062723c751e8b465ee728b)  -> (artifact id: '304c198544519df91bb0e51a87f9815f') in 0.017712 seconds 
  Import took 0.022945 seconds .

========================================================================
Received Import Request.
  Time since last request: 60.665288 seconds.
  path: Assets/Meshes/MatBlue.mat
  artifactKey: Guid(15c928f5be4256648b8442e5e6e54ebc) Importer(815301076,1909f56bfc062723c751e8b465ee728b)
Start importing Assets/Meshes/MatBlue.mat using Guid(15c928f5be4256648b8442e5e6e54ebc) Importer(815301076,1909f56bfc062723c751e8b465ee728b)  -> (artifact id: '065f0b07daf1b83cbb0e91e87d057ca4') in 0.016145 seconds 
  Import took 0.021171 seconds .

========================================================================
Received Import Request.
  Time since last request: 10.739863 seconds.
  path: Assets/Meshes/New Material.mat
  artifactKey: Guid(2d5c03d31722cda43b03aadcc0da1d5a) Importer(815301076,1909f56bfc062723c751e8b465ee728b)
Start importing Assets/Meshes/New Material.mat using Guid(2d5c03d31722cda43b03aadcc0da1d5a) Importer(815301076,1909f56bfc062723c751e8b465ee728b)  -> (artifact id: '4cf918ec8dc0712b436cf170fa060e54') in 0.015257 seconds 
  Import took 0.020676 seconds .

========================================================================
Received Import Request.
  Time since last request: 409.392979 seconds.
  path: Assets/Meshes/MatGreen.mat
  artifactKey: Guid(0a7555418a88f2b4bb1d3cb29b55eccc) Importer(815301076,1909f56bfc062723c751e8b465ee728b)
Start importing Assets/Meshes/MatGreen.mat using Guid(0a7555418a88f2b4bb1d3cb29b55eccc) Importer(815301076,1909f56bfc062723c751e8b465ee728b)  -> (artifact id: 'c5ad2e73831fe2d1cb783fe1660d874d') in 0.018142 seconds 
  Import took 0.024703 seconds .

========================================================================
Received Import Request.
  Time since last request: 0.000269 seconds.
  path: Assets/Meshes/MatRed.mat
  artifactKey: Guid(077d8d9e16dd40a4fa1c0b74a8e63d32) Importer(815301076,1909f56bfc062723c751e8b465ee728b)
Start importing Assets/Meshes/MatRed.mat using Guid(077d8d9e16dd40a4fa1c0b74a8e63d32) Importer(815301076,1909f56bfc062723c751e8b465ee728b)  -> (artifact id: '9d9f0c53dfd493125c655941d0c6e41b') in 0.015543 seconds 
  Import took 0.020362 seconds .

========================================================================
Received Import Request.
  Time since last request: 0.000315 seconds.
  path: Assets/Meshes/New Material.mat
  artifactKey: Guid(2d5c03d31722cda43b03aadcc0da1d5a) Importer(815301076,1909f56bfc062723c751e8b465ee728b)
Start importing Assets/Meshes/New Material.mat using Guid(2d5c03d31722cda43b03aadcc0da1d5a) Importer(815301076,1909f56bfc062723c751e8b465ee728b)  -> (artifact id: '58061b9f385a9e9799d80730ee0521b4') in 0.016122 seconds 
  Import took 0.022173 seconds .

========================================================================
Received Prepare
Registering precompiled user dll's ...
Registered in 1.708879 seconds.
Begin MonoManager ReloadAssembly
Native extension for WindowsStandalone target not found
Native extension for WebGL target not found
Refreshing native plugins compatible for Editor in 1.24 ms, found 16 plugins.
Preloading 2 native plugins for Editor in 0.18 ms.
System.Reflection.TargetInvocationException: Exception has been thrown by the target of an invocation. ---> System.NullReferenceException: Object reference not set to an instance of an object
  at Unity.XR.Oculus.OculusLoader.AssetPathToAbsolutePath (System.String assetPath) [0x00048] in C:\Users\Gebruiker\VR1\Library\PackageCache\com.unity.xr.oculus@1.11.2\Runtime\OculusLoader.cs:250 
  at Unity.XR.Oculus.OculusLoader.EditorLoadOVRPlugin () [0x0007b] in C:\Users\Gebruiker\VR1\Library\PackageCache\com.unity.xr.oculus@1.11.2\Runtime\OculusLoader.cs:235 
  at (wrapper managed-to-native) System.Reflection.MonoMethod.InternalInvoke(System.Reflection.MonoMethod,object,object[],System.Exception&)
  at System.Reflection.MonoMethod.Invoke (System.Object obj, System.Reflection.BindingFlags invokeAttr, System.Reflection.Binder binder, System.Object[] parameters, System.Globalization.CultureInfo culture) [0x00032] in <695d1cc93cca45069c528c15c9fdd749>:0 
   --- End of inner exception stack trace ---
  at System.Reflection.MonoMethod.Invoke (System.Object obj, System.Reflection.BindingFlags invokeAttr, System.Reflection.Binder binder, System.Object[] parameters, System.Globalization.CultureInfo culture) [0x00048] in <695d1cc93cca45069c528c15c9fdd749>:0 
  at System.Reflection.MethodBase.Invoke (System.Object obj, System.Object[] parameters) [0x00000] in <695d1cc93cca45069c528c15c9fdd749>:0 
  at UnityEditor.EditorAssemblies.ProcessInitializeOnLoadMethodAttributes () [0x00047] in <af1a2f671a98418f910899d70a717c00>:0 
UnityEngine.StackTraceUtility:ExtractStackTrace ()
UnityEngine.DebugLogHandler:LogFormat (UnityEngine.LogType,UnityEngine.Object,string,object[])
UnityEngine.Logger:Log (UnityEngine.LogType,object)
UnityEngine.Debug:LogError (object)
UnityEditor.EditorAssemblies:ProcessInitializeOnLoadMethodAttributes ()

Mono: successfully reloaded assembly
- Completed reload, in  1.227 seconds
Domain Reload Profiling:
	ReloadAssembly (1228ms)
		BeginReloadAssembly (172ms)
			ExecutionOrderSort (0ms)
			DisableScriptedObjects (5ms)
			BackupInstance (0ms)
			ReleaseScriptingObjects (0ms)
			CreateAndSetChildDomain (54ms)
		EndReloadAssembly (991ms)
			LoadAssemblies (134ms)
			RebuildTransferFunctionScriptingTraits (0ms)
			SetupTypeCache (317ms)
			ReleaseScriptCaches (1ms)
			RebuildScriptCaches (44ms)
			SetupLoadedEditorAssemblies (405ms)
				LogAssemblyErrors (0ms)
				InitializePlatformSupportModulesInManaged (5ms)
				SetLoadedEditorAssemblies (1ms)
				RefreshPlugins (1ms)
				BeforeProcessingInitializeOnLoad (76ms)
				ProcessInitializeOnLoadAttributes (252ms)
				ProcessInitializeOnLoadMethodAttributes (63ms)
				AfterProcessingInitializeOnLoad (7ms)
				EditorAssembliesLoaded (0ms)
			ExecutionOrderSort2 (0ms)
			AwakeInstancesAfterBackupRestoration (6ms)
Platform modules already initialized, skipping
Refreshing native plugins compatible for Editor in 1.18 ms, found 16 plugins.
Preloading 2 native plugins for Editor in 0.18 ms.
Unloading 2937 Unused Serialized files (Serialized files now loaded: 0)
System memory in use before: 114.6 MB.
System memory in use after: 114.9 MB.

Unloading 69 unused Assets to reduce memory usage. Loaded Objects now: 3420.
Total: 7.077900 ms (FindLiveObjects: 0.282400 ms CreateObjectMapping: 0.189200 ms MarkObjects: 6.525700 ms  DeleteObjects: 0.079200 ms)

AssetImportParameters requested are different than current active one (requested -> active):
  custom:framework-win-MediaFoundation: 216162199b28c13a410421893ffa2e32 -> 
  custom:video-decoder-ogg-theora: a1e56fd34408186e4bbccfd4996cb3dc -> 
  custom:container-muxer-webm: aa71ff27fc2769a1b78a27578f13a17b -> 
  custom:container-demuxer-webm: 4f35f7cbe854078d1ac9338744f61a02 -> 
  custom:container-demuxer-ogg: 62fdf1f143b41e24485cea50d1cbac27 -> 
  custom:video-encoder-webm-vp8: eb34c28f22e8b96e1ab97ce403110664 -> 
  custom:video-decoder-webm-vp8: 9c59270c3fd7afecdb556c50c9e8de78 -> 
  custom:audio-decoder-ogg-vorbis: bf7c407c2cedff20999df2af8eb42d56 -> 
  custom:audio-encoder-webm-vorbis: bf7c407c2cedff20999df2af8eb42d56 -> 
AssetImportWorkerClient::OnTransportError - code=2 error=End of file
